<?xml version="1.0" encoding="UTF-8"?>
<testsuite name="com.algo.inc.web.repository.BoardRepositoryTest" tests="1" skipped="0" failures="0" errors="0" timestamp="2020-08-15T06:05:14" hostname="DESKTOP-1AVKRR4" time="1.601">
  <properties/>
  <testcase name="init" classname="com.algo.inc.web.repository.BoardRepositoryTest" time="1.601"/>
  <system-out><![CDATA[15:04:46.393 [Test worker] DEBUG org.springframework.test.context.junit4.SpringJUnit4ClassRunner - SpringJUnit4ClassRunner constructor called with [class com.algo.inc.web.repository.BoardRepositoryTest]
15:04:46.445 [Test worker] DEBUG org.springframework.test.context.BootstrapUtils - Instantiating CacheAwareContextLoaderDelegate from class [org.springframework.test.context.cache.DefaultCacheAwareContextLoaderDelegate]
15:04:46.480 [Test worker] DEBUG org.springframework.test.context.BootstrapUtils - Instantiating BootstrapContext using constructor [public org.springframework.test.context.support.DefaultBootstrapContext(java.lang.Class,org.springframework.test.context.CacheAwareContextLoaderDelegate)]
15:04:46.535 [Test worker] DEBUG org.springframework.test.context.BootstrapUtils - Instantiating TestContextBootstrapper for test class [com.algo.inc.web.repository.BoardRepositoryTest] from class [org.springframework.boot.test.context.SpringBootTestContextBootstrapper]
15:04:46.575 [Test worker] INFO org.springframework.boot.test.context.SpringBootTestContextBootstrapper - Neither @ContextConfiguration nor @ContextHierarchy found for test class [com.algo.inc.web.repository.BoardRepositoryTest], using SpringBootContextLoader
15:04:46.585 [Test worker] DEBUG org.springframework.test.context.support.AbstractContextLoader - Did not detect default resource location for test class [com.algo.inc.web.repository.BoardRepositoryTest]: class path resource [com/algo/inc/web/repository/BoardRepositoryTest-context.xml] does not exist
15:04:46.587 [Test worker] DEBUG org.springframework.test.context.support.AbstractContextLoader - Did not detect default resource location for test class [com.algo.inc.web.repository.BoardRepositoryTest]: class path resource [com/algo/inc/web/repository/BoardRepositoryTestContext.groovy] does not exist
15:04:46.587 [Test worker] INFO org.springframework.test.context.support.AbstractContextLoader - Could not detect default resource locations for test class [com.algo.inc.web.repository.BoardRepositoryTest]: no resource found for suffixes {-context.xml, Context.groovy}.
15:04:46.590 [Test worker] INFO org.springframework.test.context.support.AnnotationConfigContextLoaderUtils - Could not detect default configuration classes for test class [com.algo.inc.web.repository.BoardRepositoryTest]: BoardRepositoryTest does not declare any static, non-private, non-final, nested classes annotated with @Configuration.
15:04:46.758 [Test worker] DEBUG org.springframework.test.context.support.ActiveProfilesUtils - Could not find an 'annotation declaring class' for annotation type [org.springframework.test.context.ActiveProfiles] and class [com.algo.inc.web.repository.BoardRepositoryTest]
15:04:46.978 [Test worker] DEBUG org.springframework.context.annotation.ClassPathScanningCandidateComponentProvider - Identified candidate component class: file [C:\Users\smucs\Documents\GitHub\springboot-board-new\springboot-board\build\classes\java\main\com\algo\inc\Application.class]
15:04:46.981 [Test worker] INFO org.springframework.boot.test.context.SpringBootTestContextBootstrapper - Found @SpringBootConfiguration com.algo.inc.Application for test class com.algo.inc.web.repository.BoardRepositoryTest
15:04:47.483 [Test worker] DEBUG org.springframework.boot.test.context.SpringBootTestContextBootstrapper - @TestExecutionListeners is not present for class [com.algo.inc.web.repository.BoardRepositoryTest]: using defaults.
15:04:47.500 [Test worker] INFO org.springframework.boot.test.context.SpringBootTestContextBootstrapper - Loaded default TestExecutionListener class names from location [META-INF/spring.factories]: [org.springframework.boot.test.autoconfigure.restdocs.RestDocsTestExecutionListener, org.springframework.boot.test.autoconfigure.web.client.MockRestServiceServerResetTestExecutionListener, org.springframework.boot.test.autoconfigure.web.servlet.MockMvcPrintOnlyOnFailureTestExecutionListener, org.springframework.boot.test.autoconfigure.web.servlet.WebDriverTestExecutionListener, org.springframework.boot.test.mock.mockito.MockitoTestExecutionListener, org.springframework.boot.test.mock.mockito.ResetMocksTestExecutionListener, org.springframework.test.context.web.ServletTestExecutionListener, org.springframework.test.context.support.DirtiesContextBeforeModesTestExecutionListener, org.springframework.test.context.support.DependencyInjectionTestExecutionListener, org.springframework.test.context.support.DirtiesContextTestExecutionListener, org.springframework.test.context.transaction.TransactionalTestExecutionListener, org.springframework.test.context.jdbc.SqlScriptsTestExecutionListener]
15:04:47.606 [Test worker] INFO org.springframework.boot.test.context.SpringBootTestContextBootstrapper - Using TestExecutionListeners: [org.springframework.test.context.web.ServletTestExecutionListener@4d93f61, org.springframework.test.context.support.DirtiesContextBeforeModesTestExecutionListener@21c35e25, org.springframework.boot.test.mock.mockito.MockitoTestExecutionListener@33dc7824, org.springframework.boot.test.autoconfigure.SpringBootDependencyInjectionTestExecutionListener@3af6567d, org.springframework.test.context.support.DirtiesContextTestExecutionListener@77995475, org.springframework.test.context.transaction.TransactionalTestExecutionListener@4c100ed5, org.springframework.test.context.jdbc.SqlScriptsTestExecutionListener@1c5d422b, org.springframework.boot.test.autoconfigure.restdocs.RestDocsTestExecutionListener@1410ba63, org.springframework.boot.test.autoconfigure.web.client.MockRestServiceServerResetTestExecutionListener@29177e68, org.springframework.boot.test.autoconfigure.web.servlet.MockMvcPrintOnlyOnFailureTestExecutionListener@65bdbb39, org.springframework.boot.test.autoconfigure.web.servlet.WebDriverTestExecutionListener@1307f1bf, org.springframework.boot.test.mock.mockito.ResetMocksTestExecutionListener@255921e]
15:04:47.624 [Test worker] DEBUG org.springframework.test.annotation.ProfileValueUtils - Retrieved @ProfileValueSourceConfiguration [null] for test class [com.algo.inc.web.repository.BoardRepositoryTest]
15:04:47.627 [Test worker] DEBUG org.springframework.test.annotation.ProfileValueUtils - Retrieved ProfileValueSource type [class org.springframework.test.annotation.SystemProfileValueSource] for class [com.algo.inc.web.repository.BoardRepositoryTest]
15:04:47.647 [Test worker] DEBUG org.springframework.test.annotation.ProfileValueUtils - Retrieved @ProfileValueSourceConfiguration [null] for test class [com.algo.inc.web.repository.BoardRepositoryTest]
15:04:47.648 [Test worker] DEBUG org.springframework.test.annotation.ProfileValueUtils - Retrieved ProfileValueSource type [class org.springframework.test.annotation.SystemProfileValueSource] for class [com.algo.inc.web.repository.BoardRepositoryTest]
15:04:47.653 [Test worker] DEBUG org.springframework.test.annotation.ProfileValueUtils - Retrieved @ProfileValueSourceConfiguration [null] for test class [com.algo.inc.web.repository.BoardRepositoryTest]
15:04:47.654 [Test worker] DEBUG org.springframework.test.annotation.ProfileValueUtils - Retrieved ProfileValueSource type [class org.springframework.test.annotation.SystemProfileValueSource] for class [com.algo.inc.web.repository.BoardRepositoryTest]
15:04:47.691 [Test worker] DEBUG org.springframework.test.context.support.AbstractDirtiesContextTestExecutionListener - Before test class: context [DefaultTestContext@78e4263b testClass = BoardRepositoryTest, testInstance = [null], testMethod = [null], testException = [null], mergedContextConfiguration = [WebMergedContextConfiguration@21c72623 testClass = BoardRepositoryTest, locations = '{}', classes = '{class com.algo.inc.Application}', contextInitializerClasses = '[]', activeProfiles = '{}', propertySourceLocations = '{}', propertySourceProperties = '{org.springframework.boot.test.context.SpringBootTestContextBootstrapper=true}', contextCustomizers = set[org.springframework.boot.test.autoconfigure.properties.PropertyMappingContextCustomizer@0, org.springframework.boot.test.autoconfigure.web.servlet.WebDriverContextCustomizerFactory$Customizer@1b99ddc, org.springframework.boot.test.context.filter.ExcludeFilterContextCustomizer@6c9bce1d, org.springframework.boot.test.json.DuplicateJsonObjectContextCustomizerFactory$DuplicateJsonObjectContextCustomizer@109a69e1, org.springframework.boot.test.mock.mockito.MockitoContextCustomizer@0, org.springframework.boot.test.web.client.TestRestTemplateContextCustomizer@3d70d73d], resourceBasePath = 'src/main/webapp', contextLoader = 'org.springframework.boot.test.context.SpringBootContextLoader', parent = [null]], attributes = map['org.springframework.test.context.web.ServletTestExecutionListener.activateListener' -> true]], class annotated with @DirtiesContext [false] with mode [null].
15:04:47.696 [Test worker] DEBUG org.springframework.test.annotation.ProfileValueUtils - Retrieved @ProfileValueSourceConfiguration [null] for test class [com.algo.inc.web.repository.BoardRepositoryTest]
15:04:47.707 [Test worker] DEBUG org.springframework.test.annotation.ProfileValueUtils - Retrieved ProfileValueSource type [class org.springframework.test.annotation.SystemProfileValueSource] for class [com.algo.inc.web.repository.BoardRepositoryTest]
15:04:47.870 [Test worker] DEBUG org.springframework.test.context.support.TestPropertySourceUtils - Adding inlined properties to environment: {spring.jmx.enabled=false, org.springframework.boot.test.context.SpringBootTestContextBootstrapper=true, server.port=-1}

  .   ____          _            __ _ _
 /\\ / ___'_ __ _ _(_)_ __  __ _ \ \ \ \
( ( )\___ | '_ | '_| | '_ \/ _` | \ \ \ \
 \\/  ___)| |_)| | | | | || (_| |  ) ) ) )
  '  |____| .__|_| |_|_| |_\__, | / / / /
 =========|_|==============|___/=/_/_/_/
 :: Spring Boot ::        (v2.1.7.RELEASE)

2020-08-15 15:04:49.395  INFO 13576 --- [    Test worker] c.a.i.w.repository.BoardRepositoryTest   : Starting BoardRepositoryTest on DESKTOP-1AVKRR4 with PID 13576 (started by smucs in C:\Users\smucs\Documents\GitHub\springboot-board-new\springboot-board)
2020-08-15 15:04:49.400  INFO 13576 --- [    Test worker] c.a.i.w.repository.BoardRepositoryTest   : No active profile set, falling back to default profiles: default
2020-08-15 15:04:55.175  INFO 13576 --- [    Test worker] .s.d.r.c.RepositoryConfigurationDelegate : Bootstrapping Spring Data repositories in DEFAULT mode.
2020-08-15 15:04:55.393  INFO 13576 --- [    Test worker] .s.d.r.c.RepositoryConfigurationDelegate : Finished Spring Data repository scanning in 192ms. Found 3 repository interfaces.
2020-08-15 15:04:56.634  INFO 13576 --- [    Test worker] trationDelegate$BeanPostProcessorChecker : Bean 'org.springframework.transaction.annotation.ProxyTransactionManagementConfiguration' of type [org.springframework.transaction.annotation.ProxyTransactionManagementConfiguration$$EnhancerBySpringCGLIB$$be12abc2] is not eligible for getting processed by all BeanPostProcessors (for example: not eligible for auto-proxying)
2020-08-15 15:04:57.730  INFO 13576 --- [    Test worker] o.hibernate.jpa.internal.util.LogHelper  : HHH000204: Processing PersistenceUnitInfo [
	name: default
	...]
2020-08-15 15:04:58.002  INFO 13576 --- [    Test worker] org.hibernate.Version                    : HHH000412: Hibernate Core {5.3.10.Final}
2020-08-15 15:04:58.006  INFO 13576 --- [    Test worker] org.hibernate.cfg.Environment            : HHH000206: hibernate.properties not found
2020-08-15 15:04:58.483  INFO 13576 --- [    Test worker] o.hibernate.annotations.common.Version   : HCANN000001: Hibernate Commons Annotations {5.0.4.Final}
2020-08-15 15:04:58.994  INFO 13576 --- [    Test worker] com.zaxxer.hikari.HikariDataSource       : HikariPool-1 - Starting...
2020-08-15 15:04:59.004  WARN 13576 --- [    Test worker] com.zaxxer.hikari.util.DriverDataSource  : Registered driver with driverClassName=com.mysql.jdbc.Driver was not found, trying direct instantiation.
2020-08-15 15:04:59.309  INFO 13576 --- [    Test worker] com.zaxxer.hikari.HikariDataSource       : HikariPool-1 - Start completed.
2020-08-15 15:04:59.351  INFO 13576 --- [    Test worker] org.hibernate.dialect.Dialect            : HHH000400: Using dialect: org.hibernate.dialect.MySQL5InnoDBDialect
Hibernate: alter table board drop foreign key FKsds8ox89wwf6aihinar49rmfy
Hibernate: alter table reply drop foreign key FKcs9hiip0bv9xxfrgoj0lwv2dt
Hibernate: alter table reply drop foreign key FKen6vrmi5oth4bg6ybfc202fmu
Hibernate: drop table if exists board
Hibernate: drop table if exists member
Hibernate: drop table if exists reply
Hibernate: create table board (id bigint not null auto_increment, chg_dt datetime, reg_dt datetime, content varchar(255), password varchar(255), title varchar(255) not null, view integer not null, member_id varchar(255), primary key (id)) engine=InnoDB
Hibernate: create table member (id varchar(255) not null, chg_dt datetime, reg_dt datetime, email varchar(255), enabled bit not null, is_auth_email varchar(255), name varchar(255), password varchar(255), phone_number varchar(255), role varchar(255), sex varchar(255), primary key (id)) engine=InnoDB
Hibernate: create table reply (id bigint not null auto_increment, chg_dt datetime, reg_dt datetime, content varchar(255), board_id bigint, member_id varchar(255), primary key (id)) engine=InnoDB
Hibernate: alter table board add constraint FKsds8ox89wwf6aihinar49rmfy foreign key (member_id) references member (id)
Hibernate: alter table reply add constraint FKcs9hiip0bv9xxfrgoj0lwv2dt foreign key (board_id) references board (id)
Hibernate: alter table reply add constraint FKen6vrmi5oth4bg6ybfc202fmu foreign key (member_id) references member (id)
2020-08-15 15:05:02.364  INFO 13576 --- [    Test worker] o.h.t.schema.internal.SchemaCreatorImpl  : HHH000476: Executing import script 'org.hibernate.tool.schema.internal.exec.ScriptSourceInputNonExistentImpl@20a1a4fc'
2020-08-15 15:05:02.369  INFO 13576 --- [    Test worker] j.LocalContainerEntityManagerFactoryBean : Initialized JPA EntityManagerFactory for persistence unit 'default'
2020-08-15 15:05:04.190  INFO 13576 --- [    Test worker] o.h.h.i.QueryTranslatorFactoryInitiator  : HHH000397: Using ASTQueryTranslatorFactory
2020-08-15 15:05:05.577  WARN 13576 --- [    Test worker] aWebConfiguration$JpaWebMvcConfiguration : spring.jpa.open-in-view is enabled by default. Therefore, database queries may be performed during view rendering. Explicitly configure spring.jpa.open-in-view to disable this warning
2020-08-15 15:05:06.643  INFO 13576 --- [    Test worker] c.a.inc.config.security.SecurityConfig   : security configure method
2020-08-15 15:05:07.792  INFO 13576 --- [    Test worker] o.s.s.web.DefaultSecurityFilterChain     : Creating filter chain: any request, [org.springframework.security.web.context.request.async.WebAsyncManagerIntegrationFilter@7a35db30, org.springframework.security.web.context.SecurityContextPersistenceFilter@6063edd9, org.springframework.security.web.header.HeaderWriterFilter@c1b936c, org.springframework.security.web.authentication.logout.LogoutFilter@5a68e97a, org.springframework.security.web.authentication.UsernamePasswordAuthenticationFilter@583a1294, org.springframework.security.web.savedrequest.RequestCacheAwareFilter@39df7365, org.springframework.security.web.servletapi.SecurityContextHolderAwareRequestFilter@40a59284, org.springframework.security.web.authentication.AnonymousAuthenticationFilter@130c69c0, org.springframework.security.web.session.SessionManagementFilter@573f9d44, org.springframework.security.web.access.ExceptionTranslationFilter@5a116670, org.springframework.security.web.access.intercept.FilterSecurityInterceptor@458cc218]
2020-08-15 15:05:08.234  INFO 13576 --- [    Test worker] pertySourcedRequestMappingHandlerMapping : Mapped URL path [/v2/api-docs] onto method [public org.springframework.http.ResponseEntity<springfox.documentation.spring.web.json.Json> springfox.documentation.swagger2.web.Swagger2Controller.getDocumentation(java.lang.String,javax.servlet.http.HttpServletRequest)]
2020-08-15 15:05:10.912  INFO 13576 --- [    Test worker] o.s.s.concurrent.ThreadPoolTaskExecutor  : Initializing ExecutorService 'applicationTaskExecutor'
2020-08-15 15:05:11.243  INFO 13576 --- [    Test worker] o.s.b.a.w.s.WelcomePageHandlerMapping    : Adding welcome page template: index
2020-08-15 15:05:13.467  INFO 13576 --- [    Test worker] d.s.w.p.DocumentationPluginsBootstrapper : Context refreshed
2020-08-15 15:05:13.542  INFO 13576 --- [    Test worker] d.s.w.p.DocumentationPluginsBootstrapper : Found 1 custom documentation plugin(s)
2020-08-15 15:05:13.647  INFO 13576 --- [    Test worker] s.d.s.w.s.ApiListingReferenceScanner     : Scanning for api listing references
2020-08-15 15:05:14.233  INFO 13576 --- [    Test worker] c.a.i.w.repository.BoardRepositoryTest   : Started BoardRepositoryTest in 26.328 seconds (JVM running for 33.236)
Hibernate: select member0_.id as id1_1_0_, member0_.chg_dt as chg_dt2_1_0_, member0_.reg_dt as reg_dt3_1_0_, member0_.email as email4_1_0_, member0_.enabled as enabled5_1_0_, member0_.is_auth_email as is_auth_6_1_0_, member0_.name as name7_1_0_, member0_.password as password8_1_0_, member0_.phone_number as phone_nu9_1_0_, member0_.role as role10_1_0_, member0_.sex as sex11_1_0_ from member member0_ where member0_.id=?
Hibernate: insert into member (chg_dt, reg_dt, email, enabled, is_auth_email, name, password, phone_number, role, sex, id) values (?, ?, ?, ?, ?, ?, ?, ?, ?, ?, ?)
Hibernate: select member0_.id as id1_1_0_, member0_.chg_dt as chg_dt2_1_0_, member0_.reg_dt as reg_dt3_1_0_, member0_.email as email4_1_0_, member0_.enabled as enabled5_1_0_, member0_.is_auth_email as is_auth_6_1_0_, member0_.name as name7_1_0_, member0_.password as password8_1_0_, member0_.phone_number as phone_nu9_1_0_, member0_.role as role10_1_0_, member0_.sex as sex11_1_0_ from member member0_ where member0_.id=?
Hibernate: insert into member (chg_dt, reg_dt, email, enabled, is_auth_email, name, password, phone_number, role, sex, id) values (?, ?, ?, ?, ?, ?, ?, ?, ?, ?, ?)
Hibernate: select member_.id, member_.chg_dt as chg_dt2_1_, member_.reg_dt as reg_dt3_1_, member_.email as email4_1_, member_.enabled as enabled5_1_, member_.is_auth_email as is_auth_6_1_, member_.name as name7_1_, member_.password as password8_1_, member_.phone_number as phone_nu9_1_, member_.role as role10_1_, member_.sex as sex11_1_ from member member_ where member_.id=?
Hibernate: insert into board (chg_dt, reg_dt, content, member_id, password, title, view) values (?, ?, ?, ?, ?, ?, ?)
Hibernate: select member_.id, member_.chg_dt as chg_dt2_1_, member_.reg_dt as reg_dt3_1_, member_.email as email4_1_, member_.enabled as enabled5_1_, member_.is_auth_email as is_auth_6_1_, member_.name as name7_1_, member_.password as password8_1_, member_.phone_number as phone_nu9_1_, member_.role as role10_1_, member_.sex as sex11_1_ from member member_ where member_.id=?
Hibernate: insert into board (chg_dt, reg_dt, content, member_id, password, title, view) values (?, ?, ?, ?, ?, ?, ?)
Hibernate: select member_.id, member_.chg_dt as chg_dt2_1_, member_.reg_dt as reg_dt3_1_, member_.email as email4_1_, member_.enabled as enabled5_1_, member_.is_auth_email as is_auth_6_1_, member_.name as name7_1_, member_.password as password8_1_, member_.phone_number as phone_nu9_1_, member_.role as role10_1_, member_.sex as sex11_1_ from member member_ where member_.id=?
Hibernate: insert into board (chg_dt, reg_dt, content, member_id, password, title, view) values (?, ?, ?, ?, ?, ?, ?)
Hibernate: select member_.id, member_.chg_dt as chg_dt2_1_, member_.reg_dt as reg_dt3_1_, member_.email as email4_1_, member_.enabled as enabled5_1_, member_.is_auth_email as is_auth_6_1_, member_.name as name7_1_, member_.password as password8_1_, member_.phone_number as phone_nu9_1_, member_.role as role10_1_, member_.sex as sex11_1_ from member member_ where member_.id=?
Hibernate: insert into board (chg_dt, reg_dt, content, member_id, password, title, view) values (?, ?, ?, ?, ?, ?, ?)
Hibernate: select member_.id, member_.chg_dt as chg_dt2_1_, member_.reg_dt as reg_dt3_1_, member_.email as email4_1_, member_.enabled as enabled5_1_, member_.is_auth_email as is_auth_6_1_, member_.name as name7_1_, member_.password as password8_1_, member_.phone_number as phone_nu9_1_, member_.role as role10_1_, member_.sex as sex11_1_ from member member_ where member_.id=?
Hibernate: insert into board (chg_dt, reg_dt, content, member_id, password, title, view) values (?, ?, ?, ?, ?, ?, ?)
Hibernate: select member_.id, member_.chg_dt as chg_dt2_1_, member_.reg_dt as reg_dt3_1_, member_.email as email4_1_, member_.enabled as enabled5_1_, member_.is_auth_email as is_auth_6_1_, member_.name as name7_1_, member_.password as password8_1_, member_.phone_number as phone_nu9_1_, member_.role as role10_1_, member_.sex as sex11_1_ from member member_ where member_.id=?
Hibernate: insert into board (chg_dt, reg_dt, content, member_id, password, title, view) values (?, ?, ?, ?, ?, ?, ?)
Hibernate: select member_.id, member_.chg_dt as chg_dt2_1_, member_.reg_dt as reg_dt3_1_, member_.email as email4_1_, member_.enabled as enabled5_1_, member_.is_auth_email as is_auth_6_1_, member_.name as name7_1_, member_.password as password8_1_, member_.phone_number as phone_nu9_1_, member_.role as role10_1_, member_.sex as sex11_1_ from member member_ where member_.id=?
Hibernate: insert into board (chg_dt, reg_dt, content, member_id, password, title, view) values (?, ?, ?, ?, ?, ?, ?)
Hibernate: select member_.id, member_.chg_dt as chg_dt2_1_, member_.reg_dt as reg_dt3_1_, member_.email as email4_1_, member_.enabled as enabled5_1_, member_.is_auth_email as is_auth_6_1_, member_.name as name7_1_, member_.password as password8_1_, member_.phone_number as phone_nu9_1_, member_.role as role10_1_, member_.sex as sex11_1_ from member member_ where member_.id=?
Hibernate: insert into board (chg_dt, reg_dt, content, member_id, password, title, view) values (?, ?, ?, ?, ?, ?, ?)
Hibernate: select member_.id, member_.chg_dt as chg_dt2_1_, member_.reg_dt as reg_dt3_1_, member_.email as email4_1_, member_.enabled as enabled5_1_, member_.is_auth_email as is_auth_6_1_, member_.name as name7_1_, member_.password as password8_1_, member_.phone_number as phone_nu9_1_, member_.role as role10_1_, member_.sex as sex11_1_ from member member_ where member_.id=?
Hibernate: insert into board (chg_dt, reg_dt, content, member_id, password, title, view) values (?, ?, ?, ?, ?, ?, ?)
Hibernate: select member_.id, member_.chg_dt as chg_dt2_1_, member_.reg_dt as reg_dt3_1_, member_.email as email4_1_, member_.enabled as enabled5_1_, member_.is_auth_email as is_auth_6_1_, member_.name as name7_1_, member_.password as password8_1_, member_.phone_number as phone_nu9_1_, member_.role as role10_1_, member_.sex as sex11_1_ from member member_ where member_.id=?
Hibernate: insert into board (chg_dt, reg_dt, content, member_id, password, title, view) values (?, ?, ?, ?, ?, ?, ?)
Hibernate: select member_.id, member_.chg_dt as chg_dt2_1_, member_.reg_dt as reg_dt3_1_, member_.email as email4_1_, member_.enabled as enabled5_1_, member_.is_auth_email as is_auth_6_1_, member_.name as name7_1_, member_.password as password8_1_, member_.phone_number as phone_nu9_1_, member_.role as role10_1_, member_.sex as sex11_1_ from member member_ where member_.id=?
Hibernate: insert into board (chg_dt, reg_dt, content, member_id, password, title, view) values (?, ?, ?, ?, ?, ?, ?)
Hibernate: select member_.id, member_.chg_dt as chg_dt2_1_, member_.reg_dt as reg_dt3_1_, member_.email as email4_1_, member_.enabled as enabled5_1_, member_.is_auth_email as is_auth_6_1_, member_.name as name7_1_, member_.password as password8_1_, member_.phone_number as phone_nu9_1_, member_.role as role10_1_, member_.sex as sex11_1_ from member member_ where member_.id=?
Hibernate: insert into board (chg_dt, reg_dt, content, member_id, password, title, view) values (?, ?, ?, ?, ?, ?, ?)
Hibernate: select member_.id, member_.chg_dt as chg_dt2_1_, member_.reg_dt as reg_dt3_1_, member_.email as email4_1_, member_.enabled as enabled5_1_, member_.is_auth_email as is_auth_6_1_, member_.name as name7_1_, member_.password as password8_1_, member_.phone_number as phone_nu9_1_, member_.role as role10_1_, member_.sex as sex11_1_ from member member_ where member_.id=?
Hibernate: insert into board (chg_dt, reg_dt, content, member_id, password, title, view) values (?, ?, ?, ?, ?, ?, ?)
Hibernate: select member_.id, member_.chg_dt as chg_dt2_1_, member_.reg_dt as reg_dt3_1_, member_.email as email4_1_, member_.enabled as enabled5_1_, member_.is_auth_email as is_auth_6_1_, member_.name as name7_1_, member_.password as password8_1_, member_.phone_number as phone_nu9_1_, member_.role as role10_1_, member_.sex as sex11_1_ from member member_ where member_.id=?
Hibernate: insert into board (chg_dt, reg_dt, content, member_id, password, title, view) values (?, ?, ?, ?, ?, ?, ?)
Hibernate: select member_.id, member_.chg_dt as chg_dt2_1_, member_.reg_dt as reg_dt3_1_, member_.email as email4_1_, member_.enabled as enabled5_1_, member_.is_auth_email as is_auth_6_1_, member_.name as name7_1_, member_.password as password8_1_, member_.phone_number as phone_nu9_1_, member_.role as role10_1_, member_.sex as sex11_1_ from member member_ where member_.id=?
Hibernate: insert into board (chg_dt, reg_dt, content, member_id, password, title, view) values (?, ?, ?, ?, ?, ?, ?)
Hibernate: select member_.id, member_.chg_dt as chg_dt2_1_, member_.reg_dt as reg_dt3_1_, member_.email as email4_1_, member_.enabled as enabled5_1_, member_.is_auth_email as is_auth_6_1_, member_.name as name7_1_, member_.password as password8_1_, member_.phone_number as phone_nu9_1_, member_.role as role10_1_, member_.sex as sex11_1_ from member member_ where member_.id=?
Hibernate: insert into board (chg_dt, reg_dt, content, member_id, password, title, view) values (?, ?, ?, ?, ?, ?, ?)
Hibernate: select member_.id, member_.chg_dt as chg_dt2_1_, member_.reg_dt as reg_dt3_1_, member_.email as email4_1_, member_.enabled as enabled5_1_, member_.is_auth_email as is_auth_6_1_, member_.name as name7_1_, member_.password as password8_1_, member_.phone_number as phone_nu9_1_, member_.role as role10_1_, member_.sex as sex11_1_ from member member_ where member_.id=?
Hibernate: insert into board (chg_dt, reg_dt, content, member_id, password, title, view) values (?, ?, ?, ?, ?, ?, ?)
Hibernate: select member_.id, member_.chg_dt as chg_dt2_1_, member_.reg_dt as reg_dt3_1_, member_.email as email4_1_, member_.enabled as enabled5_1_, member_.is_auth_email as is_auth_6_1_, member_.name as name7_1_, member_.password as password8_1_, member_.phone_number as phone_nu9_1_, member_.role as role10_1_, member_.sex as sex11_1_ from member member_ where member_.id=?
Hibernate: insert into board (chg_dt, reg_dt, content, member_id, password, title, view) values (?, ?, ?, ?, ?, ?, ?)
Hibernate: select member_.id, member_.chg_dt as chg_dt2_1_, member_.reg_dt as reg_dt3_1_, member_.email as email4_1_, member_.enabled as enabled5_1_, member_.is_auth_email as is_auth_6_1_, member_.name as name7_1_, member_.password as password8_1_, member_.phone_number as phone_nu9_1_, member_.role as role10_1_, member_.sex as sex11_1_ from member member_ where member_.id=?
Hibernate: insert into board (chg_dt, reg_dt, content, member_id, password, title, view) values (?, ?, ?, ?, ?, ?, ?)
Hibernate: select member_.id, member_.chg_dt as chg_dt2_1_, member_.reg_dt as reg_dt3_1_, member_.email as email4_1_, member_.enabled as enabled5_1_, member_.is_auth_email as is_auth_6_1_, member_.name as name7_1_, member_.password as password8_1_, member_.phone_number as phone_nu9_1_, member_.role as role10_1_, member_.sex as sex11_1_ from member member_ where member_.id=?
Hibernate: insert into board (chg_dt, reg_dt, content, member_id, password, title, view) values (?, ?, ?, ?, ?, ?, ?)
Hibernate: select member_.id, member_.chg_dt as chg_dt2_1_, member_.reg_dt as reg_dt3_1_, member_.email as email4_1_, member_.enabled as enabled5_1_, member_.is_auth_email as is_auth_6_1_, member_.name as name7_1_, member_.password as password8_1_, member_.phone_number as phone_nu9_1_, member_.role as role10_1_, member_.sex as sex11_1_ from member member_ where member_.id=?
Hibernate: insert into board (chg_dt, reg_dt, content, member_id, password, title, view) values (?, ?, ?, ?, ?, ?, ?)
Hibernate: select member_.id, member_.chg_dt as chg_dt2_1_, member_.reg_dt as reg_dt3_1_, member_.email as email4_1_, member_.enabled as enabled5_1_, member_.is_auth_email as is_auth_6_1_, member_.name as name7_1_, member_.password as password8_1_, member_.phone_number as phone_nu9_1_, member_.role as role10_1_, member_.sex as sex11_1_ from member member_ where member_.id=?
Hibernate: insert into board (chg_dt, reg_dt, content, member_id, password, title, view) values (?, ?, ?, ?, ?, ?, ?)
Hibernate: select member_.id, member_.chg_dt as chg_dt2_1_, member_.reg_dt as reg_dt3_1_, member_.email as email4_1_, member_.enabled as enabled5_1_, member_.is_auth_email as is_auth_6_1_, member_.name as name7_1_, member_.password as password8_1_, member_.phone_number as phone_nu9_1_, member_.role as role10_1_, member_.sex as sex11_1_ from member member_ where member_.id=?
Hibernate: insert into board (chg_dt, reg_dt, content, member_id, password, title, view) values (?, ?, ?, ?, ?, ?, ?)
Hibernate: select member_.id, member_.chg_dt as chg_dt2_1_, member_.reg_dt as reg_dt3_1_, member_.email as email4_1_, member_.enabled as enabled5_1_, member_.is_auth_email as is_auth_6_1_, member_.name as name7_1_, member_.password as password8_1_, member_.phone_number as phone_nu9_1_, member_.role as role10_1_, member_.sex as sex11_1_ from member member_ where member_.id=?
Hibernate: insert into board (chg_dt, reg_dt, content, member_id, password, title, view) values (?, ?, ?, ?, ?, ?, ?)
Hibernate: select member_.id, member_.chg_dt as chg_dt2_1_, member_.reg_dt as reg_dt3_1_, member_.email as email4_1_, member_.enabled as enabled5_1_, member_.is_auth_email as is_auth_6_1_, member_.name as name7_1_, member_.password as password8_1_, member_.phone_number as phone_nu9_1_, member_.role as role10_1_, member_.sex as sex11_1_ from member member_ where member_.id=?
Hibernate: insert into board (chg_dt, reg_dt, content, member_id, password, title, view) values (?, ?, ?, ?, ?, ?, ?)
Hibernate: select member_.id, member_.chg_dt as chg_dt2_1_, member_.reg_dt as reg_dt3_1_, member_.email as email4_1_, member_.enabled as enabled5_1_, member_.is_auth_email as is_auth_6_1_, member_.name as name7_1_, member_.password as password8_1_, member_.phone_number as phone_nu9_1_, member_.role as role10_1_, member_.sex as sex11_1_ from member member_ where member_.id=?
Hibernate: insert into board (chg_dt, reg_dt, content, member_id, password, title, view) values (?, ?, ?, ?, ?, ?, ?)
]]></system-out>
  <system-err><![CDATA[Loading class `com.mysql.jdbc.Driver'. This is deprecated. The new driver class is `com.mysql.cj.jdbc.Driver'. The driver is automatically registered via the SPI and manual loading of the driver class is generally unnecessary.
]]></system-err>
</testsuite>
